Determining if the pthread_create exist failed with the following output:
Change Dir: /home/d943/Dropbox/Master/catkin_ws/build/CMakeFiles/CMakeTmp

Run Build Command:"/usr/bin/make" "cmTC_fa9ec/fast"
/usr/bin/make -f CMakeFiles/cmTC_fa9ec.dir/build.make CMakeFiles/cmTC_fa9ec.dir/build
make[1]: Entering directory '/home/d943/Dropbox/Master/catkin_ws/build/CMakeFiles/CMakeTmp'
Building C object CMakeFiles/cmTC_fa9ec.dir/CheckSymbolExists.c.o
/usr/bin/cc     -o CMakeFiles/cmTC_fa9ec.dir/CheckSymbolExists.c.o   -c /home/d943/Dropbox/Master/catkin_ws/build/CMakeFiles/CMakeTmp/CheckSymbolExists.c
Linking C executable cmTC_fa9ec
/usr/bin/cmake -E cmake_link_script CMakeFiles/cmTC_fa9ec.dir/link.txt --verbose=1
/usr/bin/cc       CMakeFiles/cmTC_fa9ec.dir/CheckSymbolExists.c.o  -o cmTC_fa9ec -rdynamic 
CMakeFiles/cmTC_fa9ec.dir/CheckSymbolExists.c.o: In function `main':
CheckSymbolExists.c:(.text+0x16): undefined reference to `pthread_create'
collect2: error: ld returned 1 exit status
CMakeFiles/cmTC_fa9ec.dir/build.make:97: recipe for target 'cmTC_fa9ec' failed
make[1]: *** [cmTC_fa9ec] Error 1
make[1]: Leaving directory '/home/d943/Dropbox/Master/catkin_ws/build/CMakeFiles/CMakeTmp'
Makefile:126: recipe for target 'cmTC_fa9ec/fast' failed
make: *** [cmTC_fa9ec/fast] Error 2

File /home/d943/Dropbox/Master/catkin_ws/build/CMakeFiles/CMakeTmp/CheckSymbolExists.c:
/* */
#include <pthread.h>

int main(int argc, char** argv)
{
  (void)argv;
#ifndef pthread_create
  return ((int*)(&pthread_create))[argc];
#else
  (void)argc;
  return 0;
#endif
}

Determining if the function pthread_create exists in the pthreads failed with the following output:
Change Dir: /home/d943/Dropbox/Master/catkin_ws/build/CMakeFiles/CMakeTmp

Run Build Command:"/usr/bin/make" "cmTC_27c96/fast"
/usr/bin/make -f CMakeFiles/cmTC_27c96.dir/build.make CMakeFiles/cmTC_27c96.dir/build
make[1]: Entering directory '/home/d943/Dropbox/Master/catkin_ws/build/CMakeFiles/CMakeTmp'
Building C object CMakeFiles/cmTC_27c96.dir/CheckFunctionExists.c.o
/usr/bin/cc    -DCHECK_FUNCTION_EXISTS=pthread_create   -o CMakeFiles/cmTC_27c96.dir/CheckFunctionExists.c.o   -c /usr/share/cmake-3.5/Modules/CheckFunctionExists.c
Linking C executable cmTC_27c96
/usr/bin/cmake -E cmake_link_script CMakeFiles/cmTC_27c96.dir/link.txt --verbose=1
/usr/bin/cc   -DCHECK_FUNCTION_EXISTS=pthread_create    CMakeFiles/cmTC_27c96.dir/CheckFunctionExists.c.o  -o cmTC_27c96 -rdynamic -lpthreads 
/usr/bin/ld: cannot find -lpthreads
collect2: error: ld returned 1 exit status
CMakeFiles/cmTC_27c96.dir/build.make:97: recipe for target 'cmTC_27c96' failed
make[1]: *** [cmTC_27c96] Error 1
make[1]: Leaving directory '/home/d943/Dropbox/Master/catkin_ws/build/CMakeFiles/CMakeTmp'
Makefile:126: recipe for target 'cmTC_27c96/fast' failed
make: *** [cmTC_27c96/fast] Error 2


Determining if the Q_WS_WIN exist failed with the following output:
Change Dir: /home/d943/Dropbox/Master/catkin_ws/build/CMakeFiles/CMakeTmp

Run Build Command:"/usr/bin/make" "cmTC_08881/fast"
/usr/bin/make -f CMakeFiles/cmTC_08881.dir/build.make CMakeFiles/cmTC_08881.dir/build
make[1]: Entering directory '/home/d943/Dropbox/Master/catkin_ws/build/CMakeFiles/CMakeTmp'
Building CXX object CMakeFiles/cmTC_08881.dir/CheckSymbolExists.cxx.o
/usr/bin/c++    -I/usr/include/qt4  -std=c++17     -o CMakeFiles/cmTC_08881.dir/CheckSymbolExists.cxx.o -c /home/d943/Dropbox/Master/catkin_ws/build/CMakeFiles/CMakeTmp/CheckSymbolExists.cxx
/home/d943/Dropbox/Master/catkin_ws/build/CMakeFiles/CMakeTmp/CheckSymbolExists.cxx: In function ‘int main(int, char**)’:
/home/d943/Dropbox/Master/catkin_ws/build/CMakeFiles/CMakeTmp/CheckSymbolExists.cxx:8:19: error: ‘Q_WS_WIN’ was not declared in this scope
   return ((int*)(&Q_WS_WIN))[argc];
                   ^
CMakeFiles/cmTC_08881.dir/build.make:65: recipe for target 'CMakeFiles/cmTC_08881.dir/CheckSymbolExists.cxx.o' failed
make[1]: *** [CMakeFiles/cmTC_08881.dir/CheckSymbolExists.cxx.o] Error 1
make[1]: Leaving directory '/home/d943/Dropbox/Master/catkin_ws/build/CMakeFiles/CMakeTmp'
Makefile:126: recipe for target 'cmTC_08881/fast' failed
make: *** [cmTC_08881/fast] Error 2

File /home/d943/Dropbox/Master/catkin_ws/build/CMakeFiles/CMakeTmp/CheckSymbolExists.cxx:
/* */
#include <QtCore/qglobal.h>

int main(int argc, char** argv)
{
  (void)argv;
#ifndef Q_WS_WIN
  return ((int*)(&Q_WS_WIN))[argc];
#else
  (void)argc;
  return 0;
#endif
}

Determining if the Q_WS_QWS exist failed with the following output:
Change Dir: /home/d943/Dropbox/Master/catkin_ws/build/CMakeFiles/CMakeTmp

Run Build Command:"/usr/bin/make" "cmTC_0976d/fast"
/usr/bin/make -f CMakeFiles/cmTC_0976d.dir/build.make CMakeFiles/cmTC_0976d.dir/build
make[1]: Entering directory '/home/d943/Dropbox/Master/catkin_ws/build/CMakeFiles/CMakeTmp'
Building CXX object CMakeFiles/cmTC_0976d.dir/CheckSymbolExists.cxx.o
/usr/bin/c++    -I/usr/include/qt4  -std=c++17     -o CMakeFiles/cmTC_0976d.dir/CheckSymbolExists.cxx.o -c /home/d943/Dropbox/Master/catkin_ws/build/CMakeFiles/CMakeTmp/CheckSymbolExists.cxx
/home/d943/Dropbox/Master/catkin_ws/build/CMakeFiles/CMakeTmp/CheckSymbolExists.cxx: In function ‘int main(int, char**)’:
/home/d943/Dropbox/Master/catkin_ws/build/CMakeFiles/CMakeTmp/CheckSymbolExists.cxx:8:19: error: ‘Q_WS_QWS’ was not declared in this scope
   return ((int*)(&Q_WS_QWS))[argc];
                   ^
CMakeFiles/cmTC_0976d.dir/build.make:65: recipe for target 'CMakeFiles/cmTC_0976d.dir/CheckSymbolExists.cxx.o' failed
make[1]: *** [CMakeFiles/cmTC_0976d.dir/CheckSymbolExists.cxx.o] Error 1
make[1]: Leaving directory '/home/d943/Dropbox/Master/catkin_ws/build/CMakeFiles/CMakeTmp'
Makefile:126: recipe for target 'cmTC_0976d/fast' failed
make: *** [cmTC_0976d/fast] Error 2

File /home/d943/Dropbox/Master/catkin_ws/build/CMakeFiles/CMakeTmp/CheckSymbolExists.cxx:
/* */
#include <QtCore/qglobal.h>

int main(int argc, char** argv)
{
  (void)argv;
#ifndef Q_WS_QWS
  return ((int*)(&Q_WS_QWS))[argc];
#else
  (void)argc;
  return 0;
#endif
}

Determining if the Q_WS_MAC exist failed with the following output:
Change Dir: /home/d943/Dropbox/Master/catkin_ws/build/CMakeFiles/CMakeTmp

Run Build Command:"/usr/bin/make" "cmTC_7d1db/fast"
/usr/bin/make -f CMakeFiles/cmTC_7d1db.dir/build.make CMakeFiles/cmTC_7d1db.dir/build
make[1]: Entering directory '/home/d943/Dropbox/Master/catkin_ws/build/CMakeFiles/CMakeTmp'
Building CXX object CMakeFiles/cmTC_7d1db.dir/CheckSymbolExists.cxx.o
/usr/bin/c++    -I/usr/include/qt4  -std=c++17     -o CMakeFiles/cmTC_7d1db.dir/CheckSymbolExists.cxx.o -c /home/d943/Dropbox/Master/catkin_ws/build/CMakeFiles/CMakeTmp/CheckSymbolExists.cxx
/home/d943/Dropbox/Master/catkin_ws/build/CMakeFiles/CMakeTmp/CheckSymbolExists.cxx: In function ‘int main(int, char**)’:
/home/d943/Dropbox/Master/catkin_ws/build/CMakeFiles/CMakeTmp/CheckSymbolExists.cxx:8:19: error: ‘Q_WS_MAC’ was not declared in this scope
   return ((int*)(&Q_WS_MAC))[argc];
                   ^
CMakeFiles/cmTC_7d1db.dir/build.make:65: recipe for target 'CMakeFiles/cmTC_7d1db.dir/CheckSymbolExists.cxx.o' failed
make[1]: *** [CMakeFiles/cmTC_7d1db.dir/CheckSymbolExists.cxx.o] Error 1
make[1]: Leaving directory '/home/d943/Dropbox/Master/catkin_ws/build/CMakeFiles/CMakeTmp'
Makefile:126: recipe for target 'cmTC_7d1db/fast' failed
make: *** [cmTC_7d1db/fast] Error 2

File /home/d943/Dropbox/Master/catkin_ws/build/CMakeFiles/CMakeTmp/CheckSymbolExists.cxx:
/* */
#include <QtCore/qglobal.h>

int main(int argc, char** argv)
{
  (void)argv;
#ifndef Q_WS_MAC
  return ((int*)(&Q_WS_MAC))[argc];
#else
  (void)argc;
  return 0;
#endif
}

